<?xml version="1.0" encoding="UTF-8"?>
<testng-results skipped="1" failed="0" total="1" passed="0">
  <reporter-output>
  </reporter-output>
  <suite name="TestAll" duration-ms="13" started-at="2017-10-12T07:10:37Z" finished-at="2017-10-12T07:10:37Z">
    <groups>
    </groups>
    <test name="case1" duration-ms="13" started-at="2017-10-12T07:10:37Z" finished-at="2017-10-12T07:10:37Z">
      <class name="baidu.Baidu">
        <test-method status="SKIP" signature="baiduSearch(org.openqa.selenium.WebDriver)[pri:0, instance:baidu.Baidu@523884b2]" name="baiduSearch" duration-ms="0" started-at="2017-10-12T15:10:37Z" finished-at="2017-10-12T15:10:37Z">
          <exception class="java.lang.AssertionError">
            <message>
              <![CDATA[Unsupported type parameter : interface org.openqa.selenium.WebDriver]]>
            </message>
            <full-stacktrace>
              <![CDATA[java.lang.AssertionError: Unsupported type parameter : interface org.openqa.selenium.WebDriver
	at org.testng.internal.Parameters.convertType(Parameters.java:242)
	at org.testng.internal.Parameters.createParameters(Parameters.java:158)
	at org.testng.internal.Parameters.createParameters(Parameters.java:361)
	at org.testng.internal.Parameters.handleParameters(Parameters.java:451)
	at org.testng.internal.Invoker.handleParameters(Invoker.java:1270)
	at org.testng.internal.Invoker.createParameters(Invoker.java:985)
	at org.testng.internal.Invoker.invokeTestMethods(Invoker.java:1075)
	at org.testng.internal.TestMethodWorker.invokeTestMethods(TestMethodWorker.java:125)
	at org.testng.internal.TestMethodWorker.run(TestMethodWorker.java:108)
	at org.testng.TestRunner.privateRun(TestRunner.java:774)
	at org.testng.TestRunner.run(TestRunner.java:624)
	at org.testng.SuiteRunner.runTest(SuiteRunner.java:359)
	at org.testng.SuiteRunner.runSequentially(SuiteRunner.java:354)
	at org.testng.SuiteRunner.privateRun(SuiteRunner.java:312)
	at org.testng.SuiteRunner.run(SuiteRunner.java:261)
	at org.testng.SuiteRunnerWorker.runSuite(SuiteRunnerWorker.java:52)
	at org.testng.SuiteRunnerWorker.run(SuiteRunnerWorker.java:86)
	at org.testng.TestNG.runSuitesSequentially(TestNG.java:1215)
	at org.testng.TestNG.runSuitesLocally(TestNG.java:1140)
	at org.testng.TestNG.run(TestNG.java:1048)
	at org.testng.remote.AbstractRemoteTestNG.run(AbstractRemoteTestNG.java:132)
	at org.testng.remote.RemoteTestNG.initAndRun(RemoteTestNG.java:230)
	at org.testng.remote.RemoteTestNG.main(RemoteTestNG.java:76)
]]>
            </full-stacktrace>
          </exception> <!-- java.lang.AssertionError -->
          <reporter-output>
          </reporter-output>
        </test-method> <!-- baiduSearch -->
      </class> <!-- baidu.Baidu -->
    </test> <!-- case1 -->
  </suite> <!-- TestAll -->
</testng-results>
